<?xml version="1.0" ?>
<coverage branch-rate="0" branches-covered="0" branches-valid="0" complexity="0" line-rate="0.7292" lines-covered="70" lines-valid="96" timestamp="1555410295098" version="4.5.3">
	<!-- Generated by coverage.py: https://coverage.readthedocs.io -->
	<!-- Based on https://raw.githubusercontent.com/cobertura/web/master/htdocs/xml/coverage-04.dtd -->
	<sources>
		<source>/home/jgutierrez/Documents/code/burp_ee_sdk</source>
	</sources>
	<packages>
		<package branch-rate="0" complexity="0" line-rate="0.6709" name=".tox.py36.lib.python3.6.site-packages.burp_enterprise_sdk">
			<classes>
				<class branch-rate="0" complexity="0" filename=".tox/py36/lib/python3.6/site-packages/burp_enterprise_sdk/__init__.py" line-rate="1" name="__init__.py">
					<methods/>
					<lines>
						<line hits="1" number="1"/>
					</lines>
				</class>
				<class branch-rate="0" complexity="0" filename=".tox/py36/lib/python3.6/site-packages/burp_enterprise_sdk/abstract.py" line-rate="0.4062" name="abstract.py">
					<methods/>
					<lines>
						<line hits="1" number="1"/>
						<line hits="1" number="3"/>
						<line hits="1" number="5"/>
						<line hits="1" number="6"/>
						<line hits="1" number="7"/>
						<line hits="1" number="8"/>
						<line hits="1" number="10"/>
						<line hits="1" number="11"/>
						<line hits="1" number="13"/>
						<line hits="1" number="14"/>
						<line hits="0" number="15"/>
						<line hits="1" number="17"/>
						<line hits="0" number="18"/>
						<line hits="0" number="19"/>
						<line hits="0" number="21"/>
						<line hits="0" number="22"/>
						<line hits="0" number="23"/>
						<line hits="0" number="24"/>
						<line hits="0" number="25"/>
						<line hits="0" number="26"/>
						<line hits="1" number="28"/>
						<line hits="0" number="29"/>
						<line hits="0" number="30"/>
						<line hits="0" number="31"/>
						<line hits="0" number="32"/>
						<line hits="0" number="33"/>
						<line hits="1" number="35"/>
						<line hits="0" number="36"/>
						<line hits="0" number="37"/>
						<line hits="0" number="38"/>
						<line hits="0" number="39"/>
						<line hits="0" number="40"/>
					</lines>
				</class>
				<class branch-rate="0" complexity="0" filename=".tox/py36/lib/python3.6/site-packages/burp_enterprise_sdk/burp_sdk.py" line-rate="1" name="burp_sdk.py">
					<methods/>
					<lines>
						<line hits="1" number="1"/>
						<line hits="1" number="2"/>
						<line hits="1" number="3"/>
						<line hits="1" number="5"/>
						<line hits="1" number="6"/>
						<line hits="1" number="7"/>
						<line hits="1" number="8"/>
						<line hits="1" number="9"/>
						<line hits="1" number="11"/>
						<line hits="1" number="12"/>
						<line hits="1" number="13"/>
						<line hits="1" number="15"/>
						<line hits="1" number="16"/>
						<line hits="1" number="17"/>
						<line hits="1" number="18"/>
						<line hits="1" number="21"/>
					</lines>
				</class>
				<class branch-rate="0" complexity="0" filename=".tox/py36/lib/python3.6/site-packages/burp_enterprise_sdk/connection.py" line-rate="0.7667" name="connection.py">
					<methods/>
					<lines>
						<line hits="1" number="1"/>
						<line hits="1" number="3"/>
						<line hits="1" number="4"/>
						<line hits="1" number="5"/>
						<line hits="1" number="6"/>
						<line hits="1" number="7"/>
						<line hits="1" number="8"/>
						<line hits="1" number="9"/>
						<line hits="1" number="10"/>
						<line hits="1" number="11"/>
						<line hits="1" number="12"/>
						<line hits="1" number="14"/>
						<line hits="1" number="15"/>
						<line hits="1" number="16"/>
						<line hits="1" number="17"/>
						<line hits="1" number="19"/>
						<line hits="0" number="20"/>
						<line hits="0" number="21"/>
						<line hits="0" number="22"/>
						<line hits="1" number="24"/>
						<line hits="0" number="25"/>
						<line hits="0" number="26"/>
						<line hits="0" number="27"/>
						<line hits="1" number="29"/>
						<line hits="1" number="30"/>
						<line hits="1" number="31"/>
						<line hits="1" number="33"/>
						<line hits="1" number="34"/>
						<line hits="0" number="35"/>
						<line hits="1" number="37"/>
					</lines>
				</class>
			</classes>
		</package>
		<package branch-rate="0" complexity="0" line-rate="1" name=".tox.py36.lib.python3.6.site-packages.burp_enterprise_sdk.endpoints">
			<classes>
				<class branch-rate="0" complexity="0" filename=".tox/py36/lib/python3.6/site-packages/burp_enterprise_sdk/endpoints/__init__.py" line-rate="1" name="__init__.py">
					<methods/>
					<lines>
						<line hits="1" number="1"/>
						<line hits="1" number="2"/>
						<line hits="1" number="3"/>
					</lines>
				</class>
				<class branch-rate="0" complexity="0" filename=".tox/py36/lib/python3.6/site-packages/burp_enterprise_sdk/endpoints/issues.py" line-rate="1" name="issues.py">
					<methods/>
					<lines>
						<line hits="1" number="1"/>
						<line hits="1" number="3"/>
						<line hits="1" number="4"/>
					</lines>
				</class>
				<class branch-rate="0" complexity="0" filename=".tox/py36/lib/python3.6/site-packages/burp_enterprise_sdk/endpoints/scans.py" line-rate="1" name="scans.py">
					<methods/>
					<lines>
						<line hits="1" number="1"/>
						<line hits="1" number="3"/>
						<line hits="1" number="4"/>
					</lines>
				</class>
				<class branch-rate="0" complexity="0" filename=".tox/py36/lib/python3.6/site-packages/burp_enterprise_sdk/endpoints/sites.py" line-rate="1" name="sites.py">
					<methods/>
					<lines>
						<line hits="1" number="1"/>
						<line hits="1" number="3"/>
						<line hits="1" number="4"/>
						<line hits="1" number="5"/>
						<line hits="1" number="6"/>
						<line hits="1" number="7"/>
						<line hits="1" number="8"/>
						<line hits="1" number="9"/>
					</lines>
				</class>
			</classes>
		</package>
	</packages>
</coverage>
