<?xml version="1.0" encoding="utf-8"?><testsuite errors="0" failures="1" name="pytest" skipped="15" tests="17" time="0.252"><testcase classname="tests.test_burp_api" file="tests/test_burp_api.py" line="3" name="test_login" time="0.024"></testcase><testcase classname="tests.test_burp_scans.TestScans" file="tests/test_burp_scans.py" line="3" name="test_get_scans" time="0.001"><skipped message="unconditional skip" type="pytest.skip">tests/test_burp_scans.py:3: unconditional skip</skipped></testcase><testcase classname="tests.test_burp_scans.TestScans" file="tests/test_burp_scans.py" line="7" name="test_get_scan" time="0.000"><skipped message="unconditional skip" type="pytest.skip">tests/test_burp_scans.py:7: unconditional skip</skipped></testcase><testcase classname="tests.test_burp_scans.TestScans" file="tests/test_burp_scans.py" line="11" name="test_create_folder" time="0.001"><skipped message="unconditional skip" type="pytest.skip">tests/test_burp_scans.py:11: unconditional skip</skipped></testcase><testcase classname="tests.test_burp_scans.TestScans" file="tests/test_burp_scans.py" line="15" name="test_create_subfolder" time="0.001"><skipped message="unconditional skip" type="pytest.skip">tests/test_burp_scans.py:15: unconditional skip</skipped></testcase><testcase classname="tests.test_burp_scans.TestScans" file="tests/test_burp_scans.py" line="19" name="test_create_scan" time="0.001"><skipped message="unconditional skip" type="pytest.skip">tests/test_burp_scans.py:19: unconditional skip</skipped></testcase><testcase classname="tests.test_burp_scans.TestScans" file="tests/test_burp_scans.py" line="23" name="test_stop_scan" time="0.001"><skipped message="unconditional skip" type="pytest.skip">tests/test_burp_scans.py:23: unconditional skip</skipped></testcase><testcase classname="tests.test_burp_scans.TestScans" file="tests/test_burp_scans.py" line="27" name="test_get_scan_results" time="0.001"><skipped message="unconditional skip" type="pytest.skip">tests/test_burp_scans.py:27: unconditional skip</skipped></testcase><testcase classname="tests.test_burp_scans.TestScans" file="tests/test_burp_scans.py" line="31" name="test_get_scan_results_filter_criticity" time="0.001"><skipped message="unconditional skip" type="pytest.skip">tests/test_burp_scans.py:31: unconditional skip</skipped></testcase><testcase classname="tests.test_burp_sites.TestSites" file="tests/test_burp_sites.py" line="3" name="test_list_sites" time="0.004"><failure message="Exception: [&apos;ADS&apos;]">self = &lt;test_burp_sites.TestSites object at 0x7f3301398198&gt;, burp_api = &lt;burp_enterprise_sdk.burp_sdk.BurpApi object at 0x7f3301398d30&gt;

    def test_list_sites(self, burp_api):
        sites = burp_api.sites.list()
&gt;       raise Exception(sites)
E       Exception: [&apos;ADS&apos;]

tests/test_burp_sites.py:6: Exception</failure></testcase><testcase classname="tests.test_burp_sites.TestSites" file="tests/test_burp_sites.py" line="8" name="test_get_folder_childrens" time="0.001"><skipped message="unconditional skip" type="pytest.skip">tests/test_burp_sites.py:8: unconditional skip</skipped></testcase><testcase classname="tests.test_burp_sites.TestSites" file="tests/test_burp_sites.py" line="12" name="test_get_site_info" time="0.001"><skipped message="unconditional skip" type="pytest.skip">tests/test_burp_sites.py:12: unconditional skip</skipped></testcase><testcase classname="tests.test_burp_sites.TestSites" file="tests/test_burp_sites.py" line="16" name="test_create_folder" time="0.001"><skipped message="unconditional skip" type="pytest.skip">tests/test_burp_sites.py:16: unconditional skip</skipped></testcase><testcase classname="tests.test_burp_sites.TestSites" file="tests/test_burp_sites.py" line="20" name="test_create_subfolder" time="0.001"><skipped message="unconditional skip" type="pytest.skip">tests/test_burp_sites.py:20: unconditional skip</skipped></testcase><testcase classname="tests.test_burp_sites.TestSites" file="tests/test_burp_sites.py" line="24" name="test_create_site" time="0.001"><skipped message="unconditional skip" type="pytest.skip">tests/test_burp_sites.py:24: unconditional skip</skipped></testcase><testcase classname="tests.test_burp_sites.TestSites" file="tests/test_burp_sites.py" line="28" name="test_fail_create_site" time="0.001"><skipped message="unconditional skip" type="pytest.skip">tests/test_burp_sites.py:28: unconditional skip</skipped></testcase><testcase classname="tests.test_burp_sites.TestSites" file="tests/test_burp_sites.py" line="32" name="test_delete_site" time="0.001"><skipped message="unconditional skip" type="pytest.skip">tests/test_burp_sites.py:32: unconditional skip</skipped></testcase></testsuite>